<?xml version="1.0" encoding="UTF-8"?>
<!-- Generated by org.testng.reporters.JUnitReportReporter -->
<testsuite hostname="LMA001798" failures="0" tests="2" name="SauceApp.Suites.SuiteLogin" time="11.724" errors="0" timestamp="2024-04-19T00:42:15 WEST" skipped="0">
  <testcase classname="SauceApp.Suites.SuiteLogin" name="Test02_loginValide" time="6.494"/>
  <testcase classname="SauceApp.Suites.SuiteLogin" name="Test01_loginInvalide" time="5.230"/>
</testsuite> <!-- SauceApp.Suites.SuiteLogin -->
